<?xml version="1.0" encoding="UTF-8"?>
<testng-results ignored="0" total="1" passed="1" failed="0" skipped="0">
  <reporter-output>
  </reporter-output>
  <suite started-at="2025-01-17T19:16:26 CST" name="Default suite" finished-at="2025-01-17T19:16:52 CST" duration-ms="26306">
    <groups>
      <group name="cucumber">
        <method signature="AbstractTestNGCucumberTests.runScenario(io.cucumber.testng.PickleWrapper,io.cucumber.testng.FeatureWrapper)[pri:0, instance:com.test.TestFramework.TestRunner@564fabc8]" name="runScenario" class="io.cucumber.testng.AbstractTestNGCucumberTests"/>
      </group> <!-- cucumber -->
    </groups>
    <test started-at="2025-01-17T19:16:26 CST" name="Default test" finished-at="2025-01-17T19:16:52 CST" duration-ms="26306">
      <class name="com.test.TestFramework.TestRunner">
        <test-method is-config="true" signature="setUpClass(org.testng.ITestContext)[pri:0, instance:com.test.TestFramework.TestRunner@564fabc8]" started-at="2025-01-17T19:16:26 CST" name="setUpClass" finished-at="2025-01-17T19:16:27 CST" duration-ms="829" status="PASS">
          <params>
            <param index="0">
              <value>
                <![CDATA[org.testng.TestRunner@184dbacc]]>
              </value>
            </param>
          </params>
          <reporter-output>
          </reporter-output>
        </test-method> <!-- setUpClass -->
        <test-method signature="runScenario(io.cucumber.testng.PickleWrapper,io.cucumber.testng.FeatureWrapper)[pri:0, instance:com.test.TestFramework.TestRunner@564fabc8]" started-at="2025-01-17T19:16:27 CST" name="runScenario" description="Runs Cucumber Scenarios" data-provider="scenarios" finished-at="2025-01-17T19:16:52 CST" duration-ms="25313" status="PASS">
          <params>
            <param index="0">
              <value>
                <![CDATA["This is a sample test"]]>
              </value>
            </param>
            <param index="1">
              <value>
                <![CDATA["Test feature"]]>
              </value>
            </param>
          </params>
          <reporter-output>
          </reporter-output>
        </test-method> <!-- runScenario -->
        <test-method is-config="true" signature="tearDownClass()[pri:0, instance:com.test.TestFramework.TestRunner@564fabc8]" started-at="2025-01-17T19:16:52 CST" name="tearDownClass" finished-at="2025-01-17T19:16:52 CST" duration-ms="108" status="PASS">
          <reporter-output>
          </reporter-output>
        </test-method> <!-- tearDownClass -->
      </class> <!-- com.test.TestFramework.TestRunner -->
    </test> <!-- Default test -->
  </suite> <!-- Default suite -->
</testng-results>
